Testsuite: simpledb.StringAggregatorTest
Tests run: 2, Failures: 0, Errors: 2, Skipped: 0, Time elapsed: 0.103 sec

Testcase: mergeCount took 0.027 sec
	Caused an ERROR
please implement me for proj2
java.lang.UnsupportedOperationException: please implement me for proj2
	at simpledb.StringAggregator.iterator(StringAggregator.java:41)
	at simpledb.StringAggregatorTest.mergeCount(StringAggregatorTest.java:50)

Testcase: testIterator took 0.003 sec
	Caused an ERROR
please implement me for proj2
java.lang.UnsupportedOperationException: please implement me for proj2
	at simpledb.StringAggregator.iterator(StringAggregator.java:41)
	at simpledb.StringAggregatorTest.testIterator(StringAggregatorTest.java:70)

