<?xml version="1.0" encoding="UTF-8" ?>
<testsuite errors="5" failures="0" hostname="luyuchengdeMBP.home" name="simpledb.IntegerAggregatorTest" skipped="0" tests="5" time="0.107" timestamp="2016-02-28T01:58:29">
  <properties>
[...]
</properties>
  <testcase classname="simpledb.IntegerAggregatorTest" name="mergeSum" time="0.023">
    <error message="please implement me for proj2" type="java.lang.UnsupportedOperationException">java.lang.UnsupportedOperationException: please implement me for proj2
	at simpledb.IntegerAggregator.iterator(IntegerAggregator.java:50)
	at simpledb.IntegerAggregatorTest.mergeSum(IntegerAggregatorTest.java:75)
</error>
  </testcase>
  <testcase classname="simpledb.IntegerAggregatorTest" name="mergeMin" time="0.004">
    <error message="please implement me for proj2" type="java.lang.UnsupportedOperationException">java.lang.UnsupportedOperationException: please implement me for proj2
	at simpledb.IntegerAggregator.iterator(IntegerAggregator.java:50)
	at simpledb.IntegerAggregatorTest.mergeMin(IntegerAggregatorTest.java:91)
</error>
  </testcase>
  <testcase classname="simpledb.IntegerAggregatorTest" name="mergeMax" time="0.004">
    <error message="please implement me for proj2" type="java.lang.UnsupportedOperationException">java.lang.UnsupportedOperationException: please implement me for proj2
	at simpledb.IntegerAggregator.iterator(IntegerAggregator.java:50)
	at simpledb.IntegerAggregatorTest.mergeMax(IntegerAggregatorTest.java:107)
</error>
  </testcase>
  <testcase classname="simpledb.IntegerAggregatorTest" name="mergeAvg" time="0.003">
    <error message="please implement me for proj2" type="java.lang.UnsupportedOperationException">java.lang.UnsupportedOperationException: please implement me for proj2
	at simpledb.IntegerAggregator.iterator(IntegerAggregator.java:50)
	at simpledb.IntegerAggregatorTest.mergeAvg(IntegerAggregatorTest.java:123)
</error>
  </testcase>
  <testcase classname="simpledb.IntegerAggregatorTest" name="testIterator" time="0.003">
    <error message="please implement me for proj2" type="java.lang.UnsupportedOperationException">java.lang.UnsupportedOperationException: please implement me for proj2
	at simpledb.IntegerAggregator.iterator(IntegerAggregator.java:50)
	at simpledb.IntegerAggregatorTest.testIterator(IntegerAggregatorTest.java:143)
</error>
  </testcase>
  <system-out><![CDATA[]]></system-out>
  <system-err><![CDATA[]]></system-err>
</testsuite>
