<?xml version="1.0" encoding="UTF-8" ?>
<testsuites>
  <testsuite errors="7" failures="1" hostname="luyuchengdeMBP.home" id="0" name="AggregateTest" package="simpledb" skipped="0" tests="8" time="0.138" timestamp="2016-02-28T01:58:26">
      <properties>
[...]
</properties>

      <testcase classname="simpledb.AggregateTest" name="rewind" time="0.027">
          <error message="Operator not yet open" type="java.lang.IllegalStateException">java.lang.IllegalStateException: Operator not yet open
	at simpledb.Operator.hasNext(Operator.java:16)
	at simpledb.AggregateTest.rewind(AggregateTest.java:103)
</error>

      </testcase>

      <testcase classname="simpledb.AggregateTest" name="sumStringGroupBy" time="0.004">
          <error message="Operator not yet open" type="java.lang.IllegalStateException">java.lang.IllegalStateException: Operator not yet open
	at simpledb.Operator.hasNext(Operator.java:16)
	at simpledb.TestUtil.matchAllTuples(TestUtil.java:138)
	at simpledb.AggregateTest.sumStringGroupBy(AggregateTest.java:132)
</error>

      </testcase>

      <testcase classname="simpledb.AggregateTest" name="sumAggregate" time="0.003">
          <error message="Operator not yet open" type="java.lang.IllegalStateException">java.lang.IllegalStateException: Operator not yet open
	at simpledb.Operator.hasNext(Operator.java:16)
	at simpledb.TestUtil.matchAllTuples(TestUtil.java:138)
	at simpledb.AggregateTest.sumAggregate(AggregateTest.java:143)
</error>

      </testcase>

      <testcase classname="simpledb.AggregateTest" name="avgAggregate" time="0.004">
          <error message="Operator not yet open" type="java.lang.IllegalStateException">java.lang.IllegalStateException: Operator not yet open
	at simpledb.Operator.hasNext(Operator.java:16)
	at simpledb.TestUtil.matchAllTuples(TestUtil.java:138)
	at simpledb.AggregateTest.avgAggregate(AggregateTest.java:154)
</error>

      </testcase>

      <testcase classname="simpledb.AggregateTest" name="maxAggregate" time="0.003">
          <error message="Operator not yet open" type="java.lang.IllegalStateException">java.lang.IllegalStateException: Operator not yet open
	at simpledb.Operator.hasNext(Operator.java:16)
	at simpledb.TestUtil.matchAllTuples(TestUtil.java:138)
	at simpledb.AggregateTest.maxAggregate(AggregateTest.java:165)
</error>

      </testcase>

      <testcase classname="simpledb.AggregateTest" name="minAggregate" time="0.002">
          <error message="Operator not yet open" type="java.lang.IllegalStateException">java.lang.IllegalStateException: Operator not yet open
	at simpledb.Operator.hasNext(Operator.java:16)
	at simpledb.TestUtil.matchAllTuples(TestUtil.java:138)
	at simpledb.AggregateTest.minAggregate(AggregateTest.java:176)
</error>

      </testcase>

      <testcase classname="simpledb.AggregateTest" name="countStringAggregate" time="0.003">
          <error message="Operator not yet open" type="java.lang.IllegalStateException">java.lang.IllegalStateException: Operator not yet open
	at simpledb.Operator.hasNext(Operator.java:16)
	at simpledb.TestUtil.matchAllTuples(TestUtil.java:138)
	at simpledb.AggregateTest.countStringAggregate(AggregateTest.java:121)
</error>

      </testcase>

      <testcase classname="simpledb.AggregateTest" name="getTupleDesc" time="0.004">
          <error message="expected:&lt;INT_TYPE(null),INT_TYPE(null)&gt; but was:&lt;null&gt;" type="java.lang.AssertionError">java.lang.AssertionError: expected:&lt;INT_TYPE(null),INT_TYPE(null)&gt; but was:&lt;null&gt;
	at simpledb.AggregateTest.getTupleDesc(AggregateTest.java:93)
</error>

      </testcase>

      <system-out><![CDATA[]]></system-out>

      <system-err><![CDATA[]]></system-err>

  </testsuite>
  <testsuite errors="0" failures="0" hostname="luyuchengdeMBP.home" id="1" name="CatalogTest" package="simpledb" skipped="0" tests="3" time="0.099" timestamp="2016-02-28T01:58:26">
      <properties>
[...]
</properties>

      <testcase classname="simpledb.CatalogTest" name="getTupleDesc" time="0.028" />

      <testcase classname="simpledb.CatalogTest" name="getTableId" time="0.001" />

      <testcase classname="simpledb.CatalogTest" name="getDbFile" time="0.001" />

      <system-out><![CDATA[]]></system-out>

      <system-err><![CDATA[]]></system-err>

  </testsuite>
  <testsuite errors="0" failures="0" hostname="luyuchengdeMBP.home" id="2" name="FilterTest" package="simpledb" skipped="0" tests="6" time="0.09" timestamp="2016-02-28T01:58:26">
      <properties>
[...]
</properties>

      <testcase classname="simpledb.FilterTest" name="rewind" time="0.015" />

      <testcase classname="simpledb.FilterTest" name="getTupleDesc" time="0.0" />

      <testcase classname="simpledb.FilterTest" name="filterSomeLessThan" time="0.0" />

      <testcase classname="simpledb.FilterTest" name="filterAllLessThan" time="0.001" />

      <testcase classname="simpledb.FilterTest" name="filterEqual" time="0.001" />

      <testcase classname="simpledb.FilterTest" name="filterEqualNoTuples" time="0.001" />

      <system-out><![CDATA[]]></system-out>

      <system-err><![CDATA[]]></system-err>

  </testsuite>
  <testsuite errors="0" failures="0" hostname="luyuchengdeMBP.home" id="3" name="HeapFileReadTest" package="simpledb" skipped="0" tests="6" time="0.176" timestamp="2016-02-28T01:58:27">
      <properties>
[...]
</properties>

      <testcase classname="simpledb.HeapFileReadTest" name="getId" time="0.046" />

      <testcase classname="simpledb.HeapFileReadTest" name="testIteratorClose" time="0.028" />

      <testcase classname="simpledb.HeapFileReadTest" name="getTupleDesc" time="0.002" />

      <testcase classname="simpledb.HeapFileReadTest" name="numPages" time="0.002" />

      <testcase classname="simpledb.HeapFileReadTest" name="readPage" time="0.012" />

      <testcase classname="simpledb.HeapFileReadTest" name="testIteratorBasic" time="0.013" />

      <system-out><![CDATA[]]></system-out>

      <system-err><![CDATA[]]></system-err>

  </testsuite>
  <testsuite errors="0" failures="1" hostname="luyuchengdeMBP.home" id="4" name="HeapFileWriteTest" package="simpledb" skipped="0" tests="1" time="0.103" timestamp="2016-02-28T01:58:27">
      <properties>
[...]
</properties>

      <testcase classname="simpledb.HeapFileWriteTest" name="addTuple" time="0.042">
          <error message="expected:&lt;1&gt; but was:&lt;0&gt;" type="java.lang.AssertionError">java.lang.AssertionError: expected:&lt;1&gt; but was:&lt;0&gt;
	at simpledb.HeapFileWriteTest.addTuple(HeapFileWriteTest.java:32)
</error>

      </testcase>

      <system-out><![CDATA[]]></system-out>

      <system-err><![CDATA[]]></system-err>

  </testsuite>
  <testsuite errors="0" failures="0" hostname="luyuchengdeMBP.home" id="5" name="HeapPageIdTest" package="simpledb" skipped="0" tests="4" time="0.078" timestamp="2016-02-28T01:58:28">
      <properties>
[...]
</properties>

      <testcase classname="simpledb.HeapPageIdTest" name="equals" time="0.009" />

      <testcase classname="simpledb.HeapPageIdTest" name="pageno" time="0.0" />

      <testcase classname="simpledb.HeapPageIdTest" name="testHashCode" time="0.0" />

      <testcase classname="simpledb.HeapPageIdTest" name="getTableId" time="0.001" />

      <system-out><![CDATA[]]></system-out>

      <system-err><![CDATA[]]></system-err>

  </testsuite>
  <testsuite errors="0" failures="0" hostname="luyuchengdeMBP.home" id="6" name="HeapPageReadTest" package="simpledb" skipped="0" tests="4" time="0.118" timestamp="2016-02-28T01:58:28">
      <properties>
[...]
</properties>

      <testcase classname="simpledb.HeapPageReadTest" name="getId" time="0.024" />

      <testcase classname="simpledb.HeapPageReadTest" name="getSlot" time="0.003" />

      <testcase classname="simpledb.HeapPageReadTest" name="testIterator" time="0.016" />

      <testcase classname="simpledb.HeapPageReadTest" name="getNumEmptySlots" time="0.002" />

      <system-out><![CDATA[]]></system-out>

      <system-err><![CDATA[]]></system-err>

  </testsuite>
  <testsuite errors="0" failures="4" hostname="luyuchengdeMBP.home" id="7" name="HeapPageWriteTest" package="simpledb" skipped="0" tests="4" time="0.138" timestamp="2016-02-28T01:58:29">
      <properties>
[...]
</properties>

      <testcase classname="simpledb.HeapPageWriteTest" name="testDirty" time="0.046">
          <error message="expected:&lt;true&gt; but was:&lt;false&gt;" type="java.lang.AssertionError">java.lang.AssertionError: expected:&lt;true&gt; but was:&lt;false&gt;
	at simpledb.HeapPageWriteTest.testDirty(HeapPageWriteTest.java:39)
</error>

      </testcase>

      <testcase classname="simpledb.HeapPageWriteTest" name="addTuple" time="0.007">
          <error message="expected:&lt;483&gt; but was:&lt;484&gt;" type="java.lang.AssertionError">java.lang.AssertionError: expected:&lt;483&gt; but was:&lt;484&gt;
	at simpledb.HeapPageWriteTest.addTuple(HeapPageWriteTest.java:60)
</error>

      </testcase>

      <testcase classname="simpledb.HeapPageWriteTest" name="deleteNonexistentTuple" time="0.004">
          <error message="Expected exception: simpledb.DbException" type="java.lang.AssertionError">java.lang.AssertionError: Expected exception: simpledb.DbException
</error>

      </testcase>

      <testcase classname="simpledb.HeapPageWriteTest" name="deleteTuple" time="0.021">
          <error message="expected:&lt;486&gt; but was:&lt;484&gt;" type="java.lang.AssertionError">java.lang.AssertionError: expected:&lt;486&gt; but was:&lt;484&gt;
	at simpledb.HeapPageWriteTest.deleteTuple(HeapPageWriteTest.java:117)
</error>

      </testcase>

      <system-out><![CDATA[]]></system-out>

      <system-err><![CDATA[]]></system-err>

  </testsuite>
  <testsuite errors="1" failures="1" hostname="luyuchengdeMBP.home" id="8" name="InsertTest" package="simpledb" skipped="0" tests="2" time="0.148" timestamp="2016-02-28T01:58:29">
      <properties>
[...]
</properties>

      <testcase classname="simpledb.InsertTest" name="getTupleDesc" time="0.07">
          <error message="expected:&lt;INT_TYPE(null)&gt; but was:&lt;null&gt;" type="java.lang.AssertionError">java.lang.AssertionError: expected:&lt;INT_TYPE(null)&gt; but was:&lt;null&gt;
	at simpledb.InsertTest.getTupleDesc(InsertTest.java:42)
</error>

      </testcase>

      <testcase classname="simpledb.InsertTest" name="getNext" time="0.008">
          <error type="java.util.NoSuchElementException">java.util.NoSuchElementException
	at simpledb.Operator.next(Operator.java:28)
	at simpledb.InsertTest.getNext(InsertTest.java:51)
</error>

      </testcase>

      <system-out><![CDATA[]]></system-out>

      <system-err><![CDATA[]]></system-err>

  </testsuite>
  <testsuite errors="5" failures="0" hostname="luyuchengdeMBP.home" id="9" name="IntegerAggregatorTest" package="simpledb" skipped="0" tests="5" time="0.107" timestamp="2016-02-28T01:58:29">
      <properties>
[...]
</properties>

      <testcase classname="simpledb.IntegerAggregatorTest" name="mergeSum" time="0.023">
          <error message="please implement me for proj2" type="java.lang.UnsupportedOperationException">java.lang.UnsupportedOperationException: please implement me for proj2
	at simpledb.IntegerAggregator.iterator(IntegerAggregator.java:50)
	at simpledb.IntegerAggregatorTest.mergeSum(IntegerAggregatorTest.java:75)
</error>

      </testcase>

      <testcase classname="simpledb.IntegerAggregatorTest" name="mergeMin" time="0.004">
          <error message="please implement me for proj2" type="java.lang.UnsupportedOperationException">java.lang.UnsupportedOperationException: please implement me for proj2
	at simpledb.IntegerAggregator.iterator(IntegerAggregator.java:50)
	at simpledb.IntegerAggregatorTest.mergeMin(IntegerAggregatorTest.java:91)
</error>

      </testcase>

      <testcase classname="simpledb.IntegerAggregatorTest" name="mergeMax" time="0.004">
          <error message="please implement me for proj2" type="java.lang.UnsupportedOperationException">java.lang.UnsupportedOperationException: please implement me for proj2
	at simpledb.IntegerAggregator.iterator(IntegerAggregator.java:50)
	at simpledb.IntegerAggregatorTest.mergeMax(IntegerAggregatorTest.java:107)
</error>

      </testcase>

      <testcase classname="simpledb.IntegerAggregatorTest" name="mergeAvg" time="0.003">
          <error message="please implement me for proj2" type="java.lang.UnsupportedOperationException">java.lang.UnsupportedOperationException: please implement me for proj2
	at simpledb.IntegerAggregator.iterator(IntegerAggregator.java:50)
	at simpledb.IntegerAggregatorTest.mergeAvg(IntegerAggregatorTest.java:123)
</error>

      </testcase>

      <testcase classname="simpledb.IntegerAggregatorTest" name="testIterator" time="0.003">
          <error message="please implement me for proj2" type="java.lang.UnsupportedOperationException">java.lang.UnsupportedOperationException: please implement me for proj2
	at simpledb.IntegerAggregator.iterator(IntegerAggregator.java:50)
	at simpledb.IntegerAggregatorTest.testIterator(IntegerAggregatorTest.java:143)
</error>

      </testcase>

      <system-out><![CDATA[]]></system-out>

      <system-err><![CDATA[]]></system-err>

  </testsuite>
  <testsuite errors="0" failures="0" hostname="luyuchengdeMBP.home" id="10" name="JoinPredicateTest" package="simpledb" skipped="0" tests="1" time="0.081" timestamp="2016-02-28T01:58:30">
      <properties>
[...]
</properties>

      <testcase classname="simpledb.JoinPredicateTest" name="filterVaryingVals" time="0.015" />

      <system-out><![CDATA[]]></system-out>

      <system-err><![CDATA[]]></system-err>

  </testsuite>
  <testsuite errors="0" failures="0" hostname="luyuchengdeMBP.home" id="11" name="JoinTest" package="simpledb" skipped="0" tests="4" time="0.104" timestamp="2016-02-28T01:58:30">
      <properties>
[...]
</properties>

      <testcase classname="simpledb.JoinTest" name="rewind" time="0.021" />

      <testcase classname="simpledb.JoinTest" name="gtJoin" time="0.002" />

      <testcase classname="simpledb.JoinTest" name="getTupleDesc" time="0.001" />

      <testcase classname="simpledb.JoinTest" name="eqJoin" time="0.002" />

      <system-out><![CDATA[]]></system-out>

      <system-err><![CDATA[]]></system-err>

  </testsuite>
  <testsuite errors="0" failures="0" hostname="luyuchengdeMBP.home" id="12" name="PredicateTest" package="simpledb" skipped="0" tests="1" time="0.087" timestamp="2016-02-28T01:58:31">
      <properties>
[...]
</properties>

      <testcase classname="simpledb.PredicateTest" name="filter" time="0.017" />

      <system-out><![CDATA[]]></system-out>

      <system-err><![CDATA[]]></system-err>

  </testsuite>
  <testsuite errors="0" failures="0" hostname="luyuchengdeMBP.home" id="13" name="RecordIdTest" package="simpledb" skipped="0" tests="4" time="0.079" timestamp="2016-02-28T01:58:31">
      <properties>
[...]
</properties>

      <testcase classname="simpledb.RecordIdTest" name="equals" time="0.01" />

      <testcase classname="simpledb.RecordIdTest" name="hCode" time="0.001" />

      <testcase classname="simpledb.RecordIdTest" name="getPageId" time="0.001" />

      <testcase classname="simpledb.RecordIdTest" name="tupleno" time="0.0" />

      <system-out><![CDATA[]]></system-out>

      <system-err><![CDATA[]]></system-err>

  </testsuite>
  <testsuite errors="2" failures="0" hostname="luyuchengdeMBP.home" id="14" name="StringAggregatorTest" package="simpledb" skipped="0" tests="2" time="0.103" timestamp="2016-02-28T01:58:31">
      <properties>
[...]
</properties>

      <testcase classname="simpledb.StringAggregatorTest" name="mergeCount" time="0.029">
          <error message="please implement me for proj2" type="java.lang.UnsupportedOperationException">java.lang.UnsupportedOperationException: please implement me for proj2
	at simpledb.StringAggregator.iterator(StringAggregator.java:41)
	at simpledb.StringAggregatorTest.mergeCount(StringAggregatorTest.java:50)
</error>

      </testcase>

      <testcase classname="simpledb.StringAggregatorTest" name="testIterator" time="0.004">
          <error message="please implement me for proj2" type="java.lang.UnsupportedOperationException">java.lang.UnsupportedOperationException: please implement me for proj2
	at simpledb.StringAggregator.iterator(StringAggregator.java:41)
	at simpledb.StringAggregatorTest.testIterator(StringAggregatorTest.java:70)
</error>

      </testcase>

      <system-out><![CDATA[]]></system-out>

      <system-err><![CDATA[]]></system-err>

  </testsuite>
  <testsuite errors="0" failures="0" hostname="luyuchengdeMBP.home" id="15" name="TupleDescTest" package="simpledb" skipped="0" tests="6" time="0.333" timestamp="2016-02-28T01:58:32">
      <properties>
[...]
</properties>

      <testcase classname="simpledb.TupleDescTest" name="combine" time="0.012" />

      <testcase classname="simpledb.TupleDescTest" name="getType" time="0.005" />

      <testcase classname="simpledb.TupleDescTest" name="getSize" time="0.001" />

      <testcase classname="simpledb.TupleDescTest" name="nameToId" time="0.243" />

      <testcase classname="simpledb.TupleDescTest" name="numFields" time="0.0" />

      <testcase classname="simpledb.TupleDescTest" name="testEquals" time="0.0" />

      <system-out><![CDATA[]]></system-out>

      <system-err><![CDATA[]]></system-err>

  </testsuite>
  <testsuite errors="0" failures="0" hostname="luyuchengdeMBP.home" id="16" name="TupleTest" package="simpledb" skipped="0" tests="3" time="0.091" timestamp="2016-02-28T01:58:32">
      <properties>
[...]
</properties>

      <testcase classname="simpledb.TupleTest" name="getTupleDesc" time="0.014" />

      <testcase classname="simpledb.TupleTest" name="modifyFields" time="0.0" />

      <testcase classname="simpledb.TupleTest" name="modifyRecordId" time="0.001" />

      <system-out><![CDATA[]]></system-out>

      <system-err><![CDATA[]]></system-err>

  </testsuite>
  <testsuite errors="6" failures="0" hostname="luyuchengdeMBP.home" id="17" name="AggregateTest" package="simpledb.systemtest" skipped="0" tests="6" time="0.255" timestamp="2016-02-28T01:58:33">
      <properties>
[...]
</properties>

      <testcase classname="simpledb.systemtest.AggregateTest" name="testSum" time="0.08">
          <error message="Operator not yet open" type="java.lang.IllegalStateException">java.lang.IllegalStateException: Operator not yet open
	at simpledb.Operator.hasNext(Operator.java:16)
	at simpledb.systemtest.SystemTestUtil.matchTuples(SystemTestUtil.java:122)
	at simpledb.systemtest.AggregateTest.validateAggregate(AggregateTest.java:19)
	at simpledb.systemtest.AggregateTest.doAggregate(AggregateTest.java:88)
	at simpledb.systemtest.AggregateTest.testSum(AggregateTest.java:92)
</error>

      </testcase>

      <testcase classname="simpledb.systemtest.AggregateTest" name="testMin" time="0.034">
          <error message="Operator not yet open" type="java.lang.IllegalStateException">java.lang.IllegalStateException: Operator not yet open
	at simpledb.Operator.hasNext(Operator.java:16)
	at simpledb.systemtest.SystemTestUtil.matchTuples(SystemTestUtil.java:122)
	at simpledb.systemtest.AggregateTest.validateAggregate(AggregateTest.java:19)
	at simpledb.systemtest.AggregateTest.doAggregate(AggregateTest.java:88)
	at simpledb.systemtest.AggregateTest.testMin(AggregateTest.java:96)
</error>

      </testcase>

      <testcase classname="simpledb.systemtest.AggregateTest" name="testMax" time="0.024">
          <error message="Operator not yet open" type="java.lang.IllegalStateException">java.lang.IllegalStateException: Operator not yet open
	at simpledb.Operator.hasNext(Operator.java:16)
	at simpledb.systemtest.SystemTestUtil.matchTuples(SystemTestUtil.java:122)
	at simpledb.systemtest.AggregateTest.validateAggregate(AggregateTest.java:19)
	at simpledb.systemtest.AggregateTest.doAggregate(AggregateTest.java:88)
	at simpledb.systemtest.AggregateTest.testMax(AggregateTest.java:100)
</error>

      </testcase>

      <testcase classname="simpledb.systemtest.AggregateTest" name="testCount" time="0.017">
          <error message="Operator not yet open" type="java.lang.IllegalStateException">java.lang.IllegalStateException: Operator not yet open
	at simpledb.Operator.hasNext(Operator.java:16)
	at simpledb.systemtest.SystemTestUtil.matchTuples(SystemTestUtil.java:122)
	at simpledb.systemtest.AggregateTest.validateAggregate(AggregateTest.java:19)
	at simpledb.systemtest.AggregateTest.doAggregate(AggregateTest.java:88)
	at simpledb.systemtest.AggregateTest.testCount(AggregateTest.java:104)
</error>

      </testcase>

      <testcase classname="simpledb.systemtest.AggregateTest" name="testAverage" time="0.016">
          <error message="Operator not yet open" type="java.lang.IllegalStateException">java.lang.IllegalStateException: Operator not yet open
	at simpledb.Operator.hasNext(Operator.java:16)
	at simpledb.systemtest.SystemTestUtil.matchTuples(SystemTestUtil.java:122)
	at simpledb.systemtest.AggregateTest.validateAggregate(AggregateTest.java:19)
	at simpledb.systemtest.AggregateTest.doAggregate(AggregateTest.java:88)
	at simpledb.systemtest.AggregateTest.testAverage(AggregateTest.java:108)
</error>

      </testcase>

      <testcase classname="simpledb.systemtest.AggregateTest" name="testAverageNoGroup" time="0.016">
          <error message="Operator not yet open" type="java.lang.IllegalStateException">java.lang.IllegalStateException: Operator not yet open
	at simpledb.Operator.hasNext(Operator.java:16)
	at simpledb.systemtest.SystemTestUtil.matchTuples(SystemTestUtil.java:122)
	at simpledb.systemtest.AggregateTest.validateAggregate(AggregateTest.java:19)
	at simpledb.systemtest.AggregateTest.doAggregate(AggregateTest.java:88)
	at simpledb.systemtest.AggregateTest.testAverageNoGroup(AggregateTest.java:113)
</error>

      </testcase>

      <system-out><![CDATA[]]></system-out>

      <system-err><![CDATA[]]></system-err>

  </testsuite>
  <testsuite errors="5" failures="0" hostname="luyuchengdeMBP.home" id="18" name="DeleteTest" package="simpledb.systemtest" skipped="0" tests="5" time="0.218" timestamp="2016-02-28T01:58:33">
      <properties>
[...]
</properties>

      <testcase classname="simpledb.systemtest.DeleteTest" name="testEquals" time="0.077">
          <error message="Operator not yet open" type="java.lang.IllegalStateException">java.lang.IllegalStateException: Operator not yet open
	at simpledb.Operator.hasNext(Operator.java:16)
	at simpledb.systemtest.DeleteTest.applyPredicate(DeleteTest.java:24)
	at simpledb.systemtest.FilterBase.runTransactionForPredicate(FilterBase.java:30)
	at simpledb.systemtest.FilterBase.validatePredicate(FilterBase.java:40)
	at simpledb.systemtest.FilterBase.testEquals(FilterBase.java:63)
</error>

      </testcase>

      <testcase classname="simpledb.systemtest.DeleteTest" name="testLessThan" time="0.026">
          <error message="Operator not yet open" type="java.lang.IllegalStateException">java.lang.IllegalStateException: Operator not yet open
	at simpledb.Operator.hasNext(Operator.java:16)
	at simpledb.systemtest.DeleteTest.applyPredicate(DeleteTest.java:24)
	at simpledb.systemtest.FilterBase.runTransactionForPredicate(FilterBase.java:30)
	at simpledb.systemtest.FilterBase.validatePredicate(FilterBase.java:40)
	at simpledb.systemtest.FilterBase.testLessThan(FilterBase.java:68)
</error>

      </testcase>

      <testcase classname="simpledb.systemtest.DeleteTest" name="testLessThanOrEq" time="0.018">
          <error message="Operator not yet open" type="java.lang.IllegalStateException">java.lang.IllegalStateException: Operator not yet open
	at simpledb.Operator.hasNext(Operator.java:16)
	at simpledb.systemtest.DeleteTest.applyPredicate(DeleteTest.java:24)
	at simpledb.systemtest.FilterBase.runTransactionForPredicate(FilterBase.java:30)
	at simpledb.systemtest.FilterBase.validatePredicate(FilterBase.java:40)
	at simpledb.systemtest.FilterBase.testLessThanOrEq(FilterBase.java:73)
</error>

      </testcase>

      <testcase classname="simpledb.systemtest.DeleteTest" name="testGreaterThan" time="0.014">
          <error message="Operator not yet open" type="java.lang.IllegalStateException">java.lang.IllegalStateException: Operator not yet open
	at simpledb.Operator.hasNext(Operator.java:16)
	at simpledb.systemtest.DeleteTest.applyPredicate(DeleteTest.java:24)
	at simpledb.systemtest.FilterBase.runTransactionForPredicate(FilterBase.java:30)
	at simpledb.systemtest.FilterBase.validatePredicate(FilterBase.java:40)
	at simpledb.systemtest.FilterBase.testGreaterThan(FilterBase.java:78)
</error>

      </testcase>

      <testcase classname="simpledb.systemtest.DeleteTest" name="testGreaterThanOrEq" time="0.013">
          <error message="Operator not yet open" type="java.lang.IllegalStateException">java.lang.IllegalStateException: Operator not yet open
	at simpledb.Operator.hasNext(Operator.java:16)
	at simpledb.systemtest.DeleteTest.applyPredicate(DeleteTest.java:24)
	at simpledb.systemtest.FilterBase.runTransactionForPredicate(FilterBase.java:30)
	at simpledb.systemtest.FilterBase.validatePredicate(FilterBase.java:40)
	at simpledb.systemtest.FilterBase.testGreaterThanOrEq(FilterBase.java:83)
</error>

      </testcase>

      <system-out><![CDATA[]]></system-out>

      <system-err><![CDATA[]]></system-err>

  </testsuite>
  <testsuite errors="1" failures="0" hostname="luyuchengdeMBP.home" id="19" name="EvictionTest" package="simpledb.systemtest" skipped="0" tests="1" time="1.119" timestamp="2016-02-28T01:58:34">
      <properties>
[...]
</properties>

      <testcase classname="simpledb.systemtest.EvictionTest" name="testHeapFileScanWithManyPages" time="1.052">
          <error message="The BufferPool is full!" type="simpledb.DbException">simpledb.DbException: The BufferPool is full!
	at simpledb.BufferPool.getPage(BufferPool.java:60)
	at simpledb.HeapFile$1.next(HeapFile.java:166)
	at simpledb.SeqScan.next(SeqScan.java:108)
	at simpledb.systemtest.EvictionTest.testHeapFileScanWithManyPages(EvictionTest.java:32)
</error>

      </testcase>

      <system-out><![CDATA[EvictionTest creating large table
EvictionTest scanning large table
]]></system-out>

      <system-err><![CDATA[]]></system-err>

  </testsuite>
  <testsuite errors="0" failures="0" hostname="luyuchengdeMBP.home" id="20" name="FilterTest" package="simpledb.systemtest" skipped="0" tests="5" time="0.488" timestamp="2016-02-28T01:58:35">
      <properties>
[...]
</properties>

      <testcase classname="simpledb.systemtest.FilterTest" name="testEquals" time="0.188" />

      <testcase classname="simpledb.systemtest.FilterTest" name="testLessThan" time="0.093" />

      <testcase classname="simpledb.systemtest.FilterTest" name="testLessThanOrEq" time="0.058" />

      <testcase classname="simpledb.systemtest.FilterTest" name="testGreaterThan" time="0.046" />

      <testcase classname="simpledb.systemtest.FilterTest" name="testGreaterThanOrEq" time="0.047" />

      <system-out><![CDATA[]]></system-out>

      <system-err><![CDATA[]]></system-err>

  </testsuite>
  <testsuite errors="4" failures="0" hostname="luyuchengdeMBP.home" id="21" name="InsertTest" package="simpledb.systemtest" skipped="0" tests="4" time="0.112" timestamp="2016-02-28T01:58:36">
      <properties>
[...]
</properties>

      <testcase classname="simpledb.systemtest.InsertTest" name="testEmptyToEmpty" time="0.038">
          <error message="Operator not yet open" type="java.lang.IllegalStateException">java.lang.IllegalStateException: Operator not yet open
	at simpledb.Operator.hasNext(Operator.java:16)
	at simpledb.systemtest.InsertTest.validateInsert(InsertTest.java:31)
	at simpledb.systemtest.InsertTest.testEmptyToEmpty(InsertTest.java:53)
</error>

      </testcase>

      <testcase classname="simpledb.systemtest.InsertTest" name="testEmptyToOne" time="0.006">
          <error message="Operator not yet open" type="java.lang.IllegalStateException">java.lang.IllegalStateException: Operator not yet open
	at simpledb.Operator.hasNext(Operator.java:16)
	at simpledb.systemtest.InsertTest.validateInsert(InsertTest.java:31)
	at simpledb.systemtest.InsertTest.testEmptyToOne(InsertTest.java:58)
</error>

      </testcase>

      <testcase classname="simpledb.systemtest.InsertTest" name="testOneToEmpty" time="0.005">
          <error message="Operator not yet open" type="java.lang.IllegalStateException">java.lang.IllegalStateException: Operator not yet open
	at simpledb.Operator.hasNext(Operator.java:16)
	at simpledb.systemtest.InsertTest.validateInsert(InsertTest.java:31)
	at simpledb.systemtest.InsertTest.testOneToEmpty(InsertTest.java:63)
</error>

      </testcase>

      <testcase classname="simpledb.systemtest.InsertTest" name="testOneToOne" time="0.006">
          <error message="Operator not yet open" type="java.lang.IllegalStateException">java.lang.IllegalStateException: Operator not yet open
	at simpledb.Operator.hasNext(Operator.java:16)
	at simpledb.systemtest.InsertTest.validateInsert(InsertTest.java:31)
	at simpledb.systemtest.InsertTest.testOneToOne(InsertTest.java:68)
</error>

      </testcase>

      <system-out><![CDATA[]]></system-out>

      <system-err><![CDATA[]]></system-err>

  </testsuite>
  <testsuite errors="0" failures="0" hostname="luyuchengdeMBP.home" id="22" name="JoinTest" package="simpledb.systemtest" skipped="0" tests="3" time="0.163" timestamp="2016-02-28T01:58:36">
      <properties>
[...]
</properties>

      <testcase classname="simpledb.systemtest.JoinTest" name="testSingleMatch" time="0.048" />

      <testcase classname="simpledb.systemtest.JoinTest" name="testNoMatch" time="0.04" />

      <testcase classname="simpledb.systemtest.JoinTest" name="testMultipleMatch" time="0.02" />

      <system-out><![CDATA[]]></system-out>

      <system-err><![CDATA[]]></system-err>

  </testsuite>
  <testsuite errors="0" failures="0" hostname="luyuchengdeMBP.home" id="23" name="ScanTest" package="simpledb.systemtest" skipped="0" tests="3" time="2.685" timestamp="2016-02-28T01:58:37">
      <properties>
[...]
</properties>

      <testcase classname="simpledb.systemtest.ScanTest" name="testSmall" time="1.167" />

      <testcase classname="simpledb.systemtest.ScanTest" name="testRewind" time="0.008" />

      <testcase classname="simpledb.systemtest.ScanTest" name="testCache" time="1.448" />

      <system-out><![CDATA[]]></system-out>

      <system-err><![CDATA[]]></system-err>

  </testsuite>
</testsuites>
