Testsuite: simpledb.systemtest.AggregateTest
Tests run: 6, Failures: 0, Errors: 6, Skipped: 0, Time elapsed: 0.255 sec

Testcase: testSum took 0.078 sec
	Caused an ERROR
Operator not yet open
java.lang.IllegalStateException: Operator not yet open
	at simpledb.Operator.hasNext(Operator.java:16)
	at simpledb.systemtest.SystemTestUtil.matchTuples(SystemTestUtil.java:122)
	at simpledb.systemtest.AggregateTest.validateAggregate(AggregateTest.java:19)
	at simpledb.systemtest.AggregateTest.doAggregate(AggregateTest.java:88)
	at simpledb.systemtest.AggregateTest.testSum(AggregateTest.java:92)

Testcase: testMin took 0.033 sec
	Caused an ERROR
Operator not yet open
java.lang.IllegalStateException: Operator not yet open
	at simpledb.Operator.hasNext(Operator.java:16)
	at simpledb.systemtest.SystemTestUtil.matchTuples(SystemTestUtil.java:122)
	at simpledb.systemtest.AggregateTest.validateAggregate(AggregateTest.java:19)
	at simpledb.systemtest.AggregateTest.doAggregate(AggregateTest.java:88)
	at simpledb.systemtest.AggregateTest.testMin(AggregateTest.java:96)

Testcase: testMax took 0.023 sec
	Caused an ERROR
Operator not yet open
java.lang.IllegalStateException: Operator not yet open
	at simpledb.Operator.hasNext(Operator.java:16)
	at simpledb.systemtest.SystemTestUtil.matchTuples(SystemTestUtil.java:122)
	at simpledb.systemtest.AggregateTest.validateAggregate(AggregateTest.java:19)
	at simpledb.systemtest.AggregateTest.doAggregate(AggregateTest.java:88)
	at simpledb.systemtest.AggregateTest.testMax(AggregateTest.java:100)

Testcase: testCount took 0.017 sec
	Caused an ERROR
Operator not yet open
java.lang.IllegalStateException: Operator not yet open
	at simpledb.Operator.hasNext(Operator.java:16)
	at simpledb.systemtest.SystemTestUtil.matchTuples(SystemTestUtil.java:122)
	at simpledb.systemtest.AggregateTest.validateAggregate(AggregateTest.java:19)
	at simpledb.systemtest.AggregateTest.doAggregate(AggregateTest.java:88)
	at simpledb.systemtest.AggregateTest.testCount(AggregateTest.java:104)

Testcase: testAverage took 0.015 sec
	Caused an ERROR
Operator not yet open
java.lang.IllegalStateException: Operator not yet open
	at simpledb.Operator.hasNext(Operator.java:16)
	at simpledb.systemtest.SystemTestUtil.matchTuples(SystemTestUtil.java:122)
	at simpledb.systemtest.AggregateTest.validateAggregate(AggregateTest.java:19)
	at simpledb.systemtest.AggregateTest.doAggregate(AggregateTest.java:88)
	at simpledb.systemtest.AggregateTest.testAverage(AggregateTest.java:108)

Testcase: testAverageNoGroup took 0.015 sec
	Caused an ERROR
Operator not yet open
java.lang.IllegalStateException: Operator not yet open
	at simpledb.Operator.hasNext(Operator.java:16)
	at simpledb.systemtest.SystemTestUtil.matchTuples(SystemTestUtil.java:122)
	at simpledb.systemtest.AggregateTest.validateAggregate(AggregateTest.java:19)
	at simpledb.systemtest.AggregateTest.doAggregate(AggregateTest.java:88)
	at simpledb.systemtest.AggregateTest.testAverageNoGroup(AggregateTest.java:113)

